  MapGenerator.cpp
c:\users\vikto\desktop\forest-valley\forest-valley\mapgenerator.cpp(230): warning C4018: '<': signed/unsigned mismatch
c:\users\vikto\desktop\forest-valley\forest-valley\mapgenerator.cpp(232): warning C4018: '<': signed/unsigned mismatch
c:\users\vikto\desktop\forest-valley\forest-valley\mapgenerator.cpp(240): warning C4244: 'initializing': conversion from 'double' to 'float', possible loss of data
c:\users\vikto\desktop\forest-valley\forest-valley\mapgenerator.cpp(241): warning C4244: 'initializing': conversion from 'double' to 'float', possible loss of data
  NoiseSim.cpp
c:\users\vikto\desktop\forest-valley\forest-valley\noisesim.cpp(20): warning C4305: 'argument': truncation from 'double' to 'float'
c:\users\vikto\desktop\forest-valley\forest-valley\noisesim.cpp(22): warning C4305: 'argument': truncation from 'double' to 'float'
c:\users\vikto\desktop\forest-valley\forest-valley\noisesim.cpp(33): warning C4244: 'argument': conversion from 'time_t' to 'unsigned int', possible loss of data
c:\users\vikto\desktop\forest-valley\forest-valley\noisesim.cpp(61): warning C4305: 'argument': truncation from 'int' to 'T'
          with
          [
              T=float
          ]
c:\users\vikto\desktop\forest-valley\forest-valley\noisesim.cpp(71): warning C4305: 'argument': truncation from 'double' to 'T'
          with
          [
              T=float
          ]
c:\users\vikto\desktop\forest-valley\forest-valley\slider.hpp(41): warning C4244: 'argument': conversion from 'T' to 'float', possible loss of data
          with
          [
              T=int
          ]
  c:\users\vikto\desktop\forest-valley\forest-valley\slider.hpp(22): note: while compiling class template member function 'Slider<int>::Slider(sf::Vector2f,T *,sf::Vector2f,T,sf::Font *,std::string)'
          with
          [
              T=int
          ]
  c:\users\vikto\desktop\forest-valley\forest-valley\noisesim.cpp(61): note: see reference to function template instantiation 'Slider<int>::Slider(sf::Vector2f,T *,sf::Vector2f,T,sf::Font *,std::string)' being compiled
          with
          [
              T=int
          ]
  c:\users\vikto\desktop\forest-valley\forest-valley\noisesim.cpp(61): note: see reference to class template instantiation 'Slider<int>' being compiled
  PerlinNoise.cpp
  Generating code
  658 of 672 functions (97.9%) were compiled, the rest were copied from previous compilation.
    0 functions were new in current compilation
    0 functions had inline decision re-evaluated but remain unchanged
  Finished generating code
  forest-valley.vcxproj -> C:\Users\vikto\Desktop\forest-valley\Release\forest-valley.exe
